<?xml version="1.0" encoding="UTF-8"?>
<testng-results skipped="0" failed="0" total="1" passed="1">
  <reporter-output>
  </reporter-output>
  <suite name="Default suite" duration-ms="548" started-at="2014-12-19T11:59:35Z" finished-at="2014-12-19T11:59:36Z">
    <groups>
    </groups>
    <test name="Default test" duration-ms="548" started-at="2014-12-19T11:59:35Z" finished-at="2014-12-19T11:59:36Z">
      <class name="um.edu.mt.model.ModelRunner">
        <test-method status="PASS" signature="test()[pri:0, instance:um.edu.mt.model.ModelRunner@12504b]" name="test" duration-ms="532" started-at="2014-12-19T12:59:35Z" finished-at="2014-12-19T12:59:36Z">
          <reporter-output>
          </reporter-output>
        </test-method> <!-- test -->
        <test-method status="PASS" signature="output_responsetimes()[pri:0, instance:um.edu.mt.model.ModelRunner@12504b]" name="output_responsetimes" is-config="true" duration-ms="0" started-at="2014-12-19T12:59:36Z" finished-at="2014-12-19T12:59:36Z">
          <reporter-output>
          </reporter-output>
        </test-method> <!-- output_responsetimes -->
      </class> <!-- um.edu.mt.model.ModelRunner -->
    </test> <!-- Default test -->
  </suite> <!-- Default suite -->
</testng-results>
