<?xml version="1.0" encoding="UTF-8"?>
<!-- Generated by org.testng.reporters.JUnitXMLReporter -->
<testsuite hostname="Nick-PC" name="Default test" tests="100" failures="0" timestamp="15 Dec 2014 18:58:41 GMT" time="5.957" errors="0">
  <testcase name="test" time="4.78" classname="um.edu.mt.model.ModelRunner"/>
  <testcase name="test" time="4.973" classname="um.edu.mt.model.ModelRunner"/>
  <testcase name="test" time="4.956" classname="um.edu.mt.model.ModelRunner"/>
  <testcase name="test" time="5.006" classname="um.edu.mt.model.ModelRunner"/>
  <testcase name="test" time="5.107" classname="um.edu.mt.model.ModelRunner"/>
  <testcase name="test" time="5.106" classname="um.edu.mt.model.ModelRunner"/>
  <testcase name="test" time="5.026" classname="um.edu.mt.model.ModelRunner"/>
  <testcase name="test" time="5.029" classname="um.edu.mt.model.ModelRunner"/>
  <testcase name="test" time="5.071" classname="um.edu.mt.model.ModelRunner"/>
  <testcase name="test" time="5.087" classname="um.edu.mt.model.ModelRunner"/>
  <testcase name="test" time="5.045" classname="um.edu.mt.model.ModelRunner"/>
  <testcase name="test" time="5.133" classname="um.edu.mt.model.ModelRunner"/>
  <testcase name="test" time="5.057" classname="um.edu.mt.model.ModelRunner"/>
  <testcase name="test" time="5.142" classname="um.edu.mt.model.ModelRunner"/>
  <testcase name="test" time="5.23" classname="um.edu.mt.model.ModelRunner"/>
  <testcase name="test" time="5.158" classname="um.edu.mt.model.ModelRunner"/>
  <testcase name="test" time="5.116" classname="um.edu.mt.model.ModelRunner"/>
  <testcase name="test" time="5.116" classname="um.edu.mt.model.ModelRunner"/>
  <testcase name="test" time="5.268" classname="um.edu.mt.model.ModelRunner"/>
  <testcase name="test" time="5.153" classname="um.edu.mt.model.ModelRunner"/>
  <testcase name="test" time="5.302" classname="um.edu.mt.model.ModelRunner"/>
  <testcase name="test" time="5.251" classname="um.edu.mt.model.ModelRunner"/>
  <testcase name="test" time="5.163" classname="um.edu.mt.model.ModelRunner"/>
  <testcase name="test" time="5.185" classname="um.edu.mt.model.ModelRunner"/>
  <testcase name="test" time="5.264" classname="um.edu.mt.model.ModelRunner"/>
  <testcase name="test" time="5.295" classname="um.edu.mt.model.ModelRunner"/>
  <testcase name="test" time="5.266" classname="um.edu.mt.model.ModelRunner"/>
  <testcase name="test" time="5.31" classname="um.edu.mt.model.ModelRunner"/>
  <testcase name="test" time="5.268" classname="um.edu.mt.model.ModelRunner"/>
  <testcase name="test" time="5.29" classname="um.edu.mt.model.ModelRunner"/>
  <testcase name="test" time="5.394" classname="um.edu.mt.model.ModelRunner"/>
  <testcase name="test" time="5.424" classname="um.edu.mt.model.ModelRunner"/>
  <testcase name="test" time="5.421" classname="um.edu.mt.model.ModelRunner"/>
  <testcase name="test" time="5.331" classname="um.edu.mt.model.ModelRunner"/>
  <testcase name="test" time="5.322" classname="um.edu.mt.model.ModelRunner"/>
  <testcase name="test" time="5.321" classname="um.edu.mt.model.ModelRunner"/>
  <testcase name="test" time="5.497" classname="um.edu.mt.model.ModelRunner"/>
  <testcase name="test" time="5.47" classname="um.edu.mt.model.ModelRunner"/>
  <testcase name="test" time="5.434" classname="um.edu.mt.model.ModelRunner"/>
  <testcase name="test" time="5.455" classname="um.edu.mt.model.ModelRunner"/>
  <testcase name="test" time="5.386" classname="um.edu.mt.model.ModelRunner"/>
  <testcase name="test" time="5.496" classname="um.edu.mt.model.ModelRunner"/>
  <testcase name="test" time="5.428" classname="um.edu.mt.model.ModelRunner"/>
  <testcase name="test" time="5.502" classname="um.edu.mt.model.ModelRunner"/>
  <testcase name="test" time="5.513" classname="um.edu.mt.model.ModelRunner"/>
  <testcase name="test" time="5.431" classname="um.edu.mt.model.ModelRunner"/>
  <testcase name="test" time="5.419" classname="um.edu.mt.model.ModelRunner"/>
  <testcase name="test" time="5.508" classname="um.edu.mt.model.ModelRunner"/>
  <testcase name="test" time="5.556" classname="um.edu.mt.model.ModelRunner"/>
  <testcase name="test" time="5.437" classname="um.edu.mt.model.ModelRunner"/>
  <testcase name="test" time="5.553" classname="um.edu.mt.model.ModelRunner"/>
  <testcase name="test" time="5.57" classname="um.edu.mt.model.ModelRunner"/>
  <testcase name="test" time="5.554" classname="um.edu.mt.model.ModelRunner"/>
  <testcase name="test" time="5.429" classname="um.edu.mt.model.ModelRunner"/>
  <testcase name="test" time="5.563" classname="um.edu.mt.model.ModelRunner"/>
  <testcase name="test" time="5.468" classname="um.edu.mt.model.ModelRunner"/>
  <testcase name="test" time="5.46" classname="um.edu.mt.model.ModelRunner"/>
  <testcase name="test" time="5.502" classname="um.edu.mt.model.ModelRunner"/>
  <testcase name="test" time="5.603" classname="um.edu.mt.model.ModelRunner"/>
  <testcase name="test" time="5.602" classname="um.edu.mt.model.ModelRunner"/>
  <testcase name="test" time="5.467" classname="um.edu.mt.model.ModelRunner"/>
  <testcase name="test" time="5.475" classname="um.edu.mt.model.ModelRunner"/>
  <testcase name="test" time="5.624" classname="um.edu.mt.model.ModelRunner"/>
  <testcase name="test" time="5.494" classname="um.edu.mt.model.ModelRunner"/>
  <testcase name="test" time="5.536" classname="um.edu.mt.model.ModelRunner"/>
  <testcase name="test" time="5.508" classname="um.edu.mt.model.ModelRunner"/>
  <testcase name="test" time="5.613" classname="um.edu.mt.model.ModelRunner"/>
  <testcase name="test" time="5.501" classname="um.edu.mt.model.ModelRunner"/>
  <testcase name="test" time="5.63" classname="um.edu.mt.model.ModelRunner"/>
  <testcase name="test" time="5.658" classname="um.edu.mt.model.ModelRunner"/>
  <testcase name="test" time="5.516" classname="um.edu.mt.model.ModelRunner"/>
  <testcase name="test" time="5.517" classname="um.edu.mt.model.ModelRunner"/>
  <testcase name="test" time="5.574" classname="um.edu.mt.model.ModelRunner"/>
  <testcase name="test" time="5.66" classname="um.edu.mt.model.ModelRunner"/>
  <testcase name="test" time="5.547" classname="um.edu.mt.model.ModelRunner"/>
  <testcase name="test" time="5.689" classname="um.edu.mt.model.ModelRunner"/>
  <testcase name="test" time="5.567" classname="um.edu.mt.model.ModelRunner"/>
  <testcase name="test" time="5.547" classname="um.edu.mt.model.ModelRunner"/>
  <testcase name="test" time="5.575" classname="um.edu.mt.model.ModelRunner"/>
  <testcase name="test" time="5.705" classname="um.edu.mt.model.ModelRunner"/>
  <testcase name="test" time="5.672" classname="um.edu.mt.model.ModelRunner"/>
  <testcase name="test" time="5.731" classname="um.edu.mt.model.ModelRunner"/>
  <testcase name="test" time="5.726" classname="um.edu.mt.model.ModelRunner"/>
  <testcase name="test" time="5.723" classname="um.edu.mt.model.ModelRunner"/>
  <testcase name="test" time="5.615" classname="um.edu.mt.model.ModelRunner"/>
  <testcase name="test" time="5.624" classname="um.edu.mt.model.ModelRunner"/>
  <testcase name="test" time="5.754" classname="um.edu.mt.model.ModelRunner"/>
  <testcase name="test" time="5.631" classname="um.edu.mt.model.ModelRunner"/>
  <testcase name="test" time="5.632" classname="um.edu.mt.model.ModelRunner"/>
  <testcase name="test" time="5.753" classname="um.edu.mt.model.ModelRunner"/>
  <testcase name="test" time="5.67" classname="um.edu.mt.model.ModelRunner"/>
  <testcase name="test" time="5.676" classname="um.edu.mt.model.ModelRunner"/>
  <testcase name="test" time="5.811" classname="um.edu.mt.model.ModelRunner"/>
  <testcase name="test" time="5.722" classname="um.edu.mt.model.ModelRunner"/>
  <testcase name="test" time="5.826" classname="um.edu.mt.model.ModelRunner"/>
  <testcase name="test" time="5.774" classname="um.edu.mt.model.ModelRunner"/>
  <testcase name="test" time="5.717" classname="um.edu.mt.model.ModelRunner"/>
  <testcase name="test" time="5.759" classname="um.edu.mt.model.ModelRunner"/>
  <testcase name="test" time="5.869" classname="um.edu.mt.model.ModelRunner"/>
  <testcase name="test" time="5.889" classname="um.edu.mt.model.ModelRunner"/>
</testsuite> <!-- Default test -->
