<?xml version="1.0" encoding="UTF-8"?>
<!-- Generated by org.testng.reporters.JUnitXMLReporter -->
<testsuite hostname="Nick-PC" name="Default test" tests="30" failures="0" timestamp="16 Dec 2014 15:36:13 GMT" time="0.997" errors="0">
  <testcase name="test" time="0.563" classname="um.edu.mt.model.ModelRunner"/>
  <testcase name="test" time="0.676" classname="um.edu.mt.model.ModelRunner"/>
  <testcase name="test" time="0.677" classname="um.edu.mt.model.ModelRunner"/>
  <testcase name="test" time="0.656" classname="um.edu.mt.model.ModelRunner"/>
  <testcase name="test" time="0.673" classname="um.edu.mt.model.ModelRunner"/>
  <testcase name="test" time="0.72" classname="um.edu.mt.model.ModelRunner"/>
  <testcase name="test" time="0.728" classname="um.edu.mt.model.ModelRunner"/>
  <testcase name="test" time="0.731" classname="um.edu.mt.model.ModelRunner"/>
  <testcase name="test" time="0.725" classname="um.edu.mt.model.ModelRunner"/>
  <testcase name="test" time="0.773" classname="um.edu.mt.model.ModelRunner"/>
  <testcase name="test" time="0.799" classname="um.edu.mt.model.ModelRunner"/>
  <testcase name="test" time="0.809" classname="um.edu.mt.model.ModelRunner"/>
  <testcase name="test" time="0.817" classname="um.edu.mt.model.ModelRunner"/>
  <testcase name="test" time="0.816" classname="um.edu.mt.model.ModelRunner"/>
  <testcase name="test" time="0.84" classname="um.edu.mt.model.ModelRunner"/>
  <testcase name="test" time="0.841" classname="um.edu.mt.model.ModelRunner"/>
  <testcase name="test" time="0.857" classname="um.edu.mt.model.ModelRunner"/>
  <testcase name="test" time="0.865" classname="um.edu.mt.model.ModelRunner"/>
  <testcase name="test" time="0.861" classname="um.edu.mt.model.ModelRunner"/>
  <testcase name="test" time="0.875" classname="um.edu.mt.model.ModelRunner"/>
  <testcase name="test" time="0.894" classname="um.edu.mt.model.ModelRunner"/>
  <testcase name="test" time="0.892" classname="um.edu.mt.model.ModelRunner"/>
  <testcase name="test" time="0.887" classname="um.edu.mt.model.ModelRunner"/>
  <testcase name="test" time="0.892" classname="um.edu.mt.model.ModelRunner"/>
  <testcase name="test" time="0.907" classname="um.edu.mt.model.ModelRunner"/>
  <testcase name="test" time="0.869" classname="um.edu.mt.model.ModelRunner"/>
  <testcase name="test" time="0.918" classname="um.edu.mt.model.ModelRunner"/>
  <testcase name="test" time="0.92" classname="um.edu.mt.model.ModelRunner"/>
  <testcase name="test" time="0.929" classname="um.edu.mt.model.ModelRunner"/>
  <testcase name="test" time="0.916" classname="um.edu.mt.model.ModelRunner"/>
</testsuite> <!-- Default test -->
